<?xml version="1.0" encoding="utf-8"?><testsuites name="pytest tests"><testsuite name="pytest" errors="0" failures="0" skipped="0" tests="6" time="2.902" timestamp="2026-07-07T19:56:48.480507+00:00" hostname="agent-env-3bf1fba9-a6b6-45c2-b6cc-f6dce3ae709c"><testcase classname="tests.backend_test" name="test_root" time="0.341" /><testcase classname="tests.backend_test" name="test_blog_list" time="0.170" /><testcase classname="tests.backend_test" name="test_blog_detail_valid" time="0.187" /><testcase classname="tests.backend_test" name="test_blog_detail_invalid" time="0.141" /><testcase classname="tests.backend_test" name="test_contact_post_and_persist" time="1.174" /><testcase classname="tests.backend_test" name="test_contact_post_validation" time="0.309" /></testsuite></testsuites>